2021-01-27 20:15:41,105 INFO Starting Nacos on qinbao-pc with PID 17492 (D:\mystudy-source\javabb-javaitem-cloud\javaitem-nacos\nacos\target\nacos-server.jar started by imqinbao in D:\mystudy-source\javabb-javaitem-cloud\javaitem-nacos\nacos\bin)

2021-01-27 20:15:41,120 INFO The following profiles are active: standalone

2021-01-27 20:15:59,505 INFO Bean 'org.springframework.security.config.annotation.configuration.ObjectPostProcessorConfiguration' of type [org.springframework.security.config.annotation.configuration.ObjectPostProcessorConfiguration$$EnhancerBySpringCGLIB$$de399271] is not eligible for getting processed by all BeanPostProcessors (for example: not eligible for auto-proxying)

2021-01-27 20:16:00,500 INFO Bean 'objectPostProcessor' of type [org.springframework.security.config.annotation.configuration.AutowireBeanFactoryObjectPostProcessor] is not eligible for getting processed by all BeanPostProcessors (for example: not eligible for auto-proxying)

2021-01-27 20:16:00,514 INFO Bean 'org.springframework.security.access.expression.method.DefaultMethodSecurityExpressionHandler@5117dd67' of type [org.springframework.security.access.expression.method.DefaultMethodSecurityExpressionHandler] is not eligible for getting processed by all BeanPostProcessors (for example: not eligible for auto-proxying)

2021-01-27 20:16:00,514 INFO Bean 'org.springframework.security.config.annotation.method.configuration.GlobalMethodSecurityConfiguration' of type [org.springframework.security.config.annotation.method.configuration.GlobalMethodSecurityConfiguration$$EnhancerBySpringCGLIB$$30e3523] is not eligible for getting processed by all BeanPostProcessors (for example: not eligible for auto-proxying)

2021-01-27 20:16:00,577 INFO Bean 'methodSecurityMetadataSource' of type [org.springframework.security.access.method.DelegatingMethodSecurityMetadataSource] is not eligible for getting processed by all BeanPostProcessors (for example: not eligible for auto-proxying)

2021-01-27 20:16:03,793 INFO Tomcat initialized with port(s): 8848 (http)

2021-01-27 20:16:03,996 INFO Starting service [Tomcat]

2021-01-27 20:16:03,996 INFO Starting Servlet Engine: Apache Tomcat/9.0.13

2021-01-27 20:16:04,075 INFO The APR based Apache Tomcat Native library which allows optimal performance in production environments was not found on the java.library.path: [D:\Program Files\Java\jdk1.8.0_261\bin;C:\Windows\Sun\Java\bin;C:\Windows\system32;C:\Windows;C:\Program Files (x86)\Common Files\Oracle\Java\javapath;C:\Windows\system32;C:\Windows;C:\Windows\System32\Wbem;C:\Windows\System32\WindowsPowerShell\v1.0\;C:\Windows\System32\OpenSSH\;C:\Program Files (x86)\NVIDIA Corporation\PhysX\Common;"D:\Program Files\Java\jdk1.8.0_261\bin;D:\Program Files\Java\jdk1.8.0_261\jre\bin;";D:\Software\apache-maven-3.6.3\bin;D:\Program Files\Git\cmd;D:\Program Files\nodejs\;C:\Program Files\MySQL\MySQL Shell 8.0\bin\;C:\Users\imqinbao\AppData\Local\Microsoft\WindowsApps;C:\Users\imqinbao\AppData\Roaming\npm;.]

2021-01-27 20:16:05,082 INFO Initializing Spring embedded WebApplicationContext

2021-01-27 20:16:05,082 INFO Root WebApplicationContext: initialization completed in 23447 ms

2021-01-27 20:16:06,813 INFO Use Mysql as the driver

2021-01-27 20:16:07,004 INFO HikariPool-1 - Starting...

2021-01-27 20:16:08,045 INFO HikariPool-1 - Start completed.

2021-01-27 20:16:10,510 INFO Nacos-related cluster resource initialization

2021-01-27 20:16:10,531 INFO The cluster resource is initialized

2021-01-27 20:16:12,244 INFO Reflections took 288 ms to scan 1 urls, producing 6 keys and 24 values 

2021-01-27 20:16:12,451 INFO Reflections took 3 ms to scan 1 urls, producing 2 keys and 12 values 

2021-01-27 20:16:12,488 INFO Reflections took 6 ms to scan 1 urls, producing 3 keys and 15 values 

2021-01-27 20:16:17,334 INFO Initializing ExecutorService 'applicationTaskExecutor'

2021-01-27 20:16:17,837 INFO Adding welcome page: class path resource [static/index.html]

2021-01-27 20:16:20,755 INFO Creating filter chain: Ant [pattern='/**'], []

2021-01-27 20:16:21,231 INFO Creating filter chain: any request, [org.springframework.security.web.context.request.async.WebAsyncManagerIntegrationFilter@5af9926a, org.springframework.security.web.context.SecurityContextPersistenceFilter@5d8445d7, org.springframework.security.web.header.HeaderWriterFilter@40bffbca, org.springframework.security.web.csrf.CsrfFilter@7646731d, org.springframework.security.web.authentication.logout.LogoutFilter@29ad44e3, org.springframework.security.web.savedrequest.RequestCacheAwareFilter@384fc774, org.springframework.security.web.servletapi.SecurityContextHolderAwareRequestFilter@6b9267b, org.springframework.security.web.authentication.AnonymousAuthenticationFilter@43c67247, org.springframework.security.web.session.SessionManagementFilter@42a9a63e, org.springframework.security.web.access.ExceptionTranslationFilter@3b1bb3ab]

2021-01-27 20:16:22,166 INFO Exposing 2 endpoint(s) beneath base path '/actuator'

2021-01-27 20:16:22,371 INFO Initializing ExecutorService 'taskScheduler'

2021-01-27 20:16:22,934 INFO Tomcat started on port(s): 8848 (http) with context path '/nacos'

2021-01-27 20:16:22,949 INFO Started Nacos in 48.685 seconds (JVM running for 50.924)

2021-01-27 20:16:22,949 INFO Nacos Log files: D:\mystudy-source\javabb-javaitem-cloud\javaitem-nacos\nacos\logs

2021-01-27 20:16:22,965 INFO Nacos Log files: D:\mystudy-source\javabb-javaitem-cloud\javaitem-nacos\nacos\conf

2021-01-27 20:16:22,965 INFO Nacos Log files: D:\mystudy-source\javabb-javaitem-cloud\javaitem-nacos\nacos\data

2021-01-27 20:16:22,965 INFO Nacos started successfully in stand alone mode. use external storage

2021-01-27 20:17:13,587 WARN [HttpClientManager] Start destroying HttpClient

2021-01-27 20:17:13,587 WARN [NotifyCenter] Start destroying Publisher

2021-01-27 20:17:13,587 WARN [ThreadPoolManager] Start destroying ThreadPool

2021-01-27 20:17:13,587 WARN [HttpClientManager] Destruction of the end

2021-01-27 20:17:13,587 INFO Shutting down ExecutorService 'taskScheduler'

2021-01-27 20:17:13,587 WARN [NotifyCenter] Destruction of the end

2021-01-27 20:17:13,587 INFO Shutting down ExecutorService 'applicationTaskExecutor'

2021-01-27 20:17:36,832 WARN [ThreadPoolManager] Destruction of the end

