0:0:0:0:0:0:0:1 - - [31/Dec/2020:23:21:15 +0800] "GET /nacos/index.html HTTP/1.1" 200 2611 639 Mozilla/5.0 (Windows NT 10.0; Win64; x64) AppleWebKit/537.36 (KHTML, like Gecko) Chrome/87.0.4280.88 Safari/537.36
0:0:0:0:0:0:0:1 - - [31/Dec/2020:23:21:15 +0800] "GET /nacos/console-fe/public/css/bootstrap.css HTTP/1.1" 200 123285 75 Mozilla/5.0 (Windows NT 10.0; Win64; x64) AppleWebKit/537.36 (KHTML, like Gecko) Chrome/87.0.4280.88 Safari/537.36
0:0:0:0:0:0:0:1 - - [31/Dec/2020:23:21:15 +0800] "GET /nacos/console-fe/public/css/console1412.css HTTP/1.1" 200 156959 78 Mozilla/5.0 (Windows NT 10.0; Win64; x64) AppleWebKit/537.36 (KHTML, like Gecko) Chrome/87.0.4280.88 Safari/537.36
0:0:0:0:0:0:0:1 - - [31/Dec/2020:23:21:15 +0800] "GET /nacos/console-fe/public/css/merge.css HTTP/1.1" 200 3857 75 Mozilla/5.0 (Windows NT 10.0; Win64; x64) AppleWebKit/537.36 (KHTML, like Gecko) Chrome/87.0.4280.88 Safari/537.36
0:0:0:0:0:0:0:1 - - [31/Dec/2020:23:21:15 +0800] "GET /nacos/console-fe/public/css/icon.css HTTP/1.1" 200 5166 76 Mozilla/5.0 (Windows NT 10.0; Win64; x64) AppleWebKit/537.36 (KHTML, like Gecko) Chrome/87.0.4280.88 Safari/537.36
0:0:0:0:0:0:0:1 - - [31/Dec/2020:23:21:15 +0800] "GET /nacos/console-fe/public/css/codemirror.css HTTP/1.1" 200 8849 82 Mozilla/5.0 (Windows NT 10.0; Win64; x64) AppleWebKit/537.36 (KHTML, like Gecko) Chrome/87.0.4280.88 Safari/537.36
0:0:0:0:0:0:0:1 - - [31/Dec/2020:23:21:15 +0800] "GET /nacos/console-fe/public/css/font-awesome.css HTTP/1.1" 200 33841 77 Mozilla/5.0 (Windows NT 10.0; Win64; x64) AppleWebKit/537.36 (KHTML, like Gecko) Chrome/87.0.4280.88 Safari/537.36
0:0:0:0:0:0:0:1 - - [31/Dec/2020:23:21:15 +0800] "GET /nacos/css/main.css HTTP/1.1" 200 422255 56 Mozilla/5.0 (Windows NT 10.0; Win64; x64) AppleWebKit/537.36 (KHTML, like Gecko) Chrome/87.0.4280.88 Safari/537.36
0:0:0:0:0:0:0:1 - - [31/Dec/2020:23:21:15 +0800] "GET /nacos/console-fe/public/js/codemirror.addone.fullscreen.js HTTP/1.1" 200 1973 61 Mozilla/5.0 (Windows NT 10.0; Win64; x64) AppleWebKit/537.36 (KHTML, like Gecko) Chrome/87.0.4280.88 Safari/537.36
0:0:0:0:0:0:0:1 - - [31/Dec/2020:23:21:15 +0800] "GET /nacos/console-fe/public/js/xml.js HTTP/1.1" 200 13050 62 Mozilla/5.0 (Windows NT 10.0; Win64; x64) AppleWebKit/537.36 (KHTML, like Gecko) Chrome/87.0.4280.88 Safari/537.36
0:0:0:0:0:0:0:1 - - [31/Dec/2020:23:21:15 +0800] "GET /nacos/console-fe/public/js/javascript.js HTTP/1.1" 200 32200 65 Mozilla/5.0 (Windows NT 10.0; Win64; x64) AppleWebKit/537.36 (KHTML, like Gecko) Chrome/87.0.4280.88 Safari/537.36
0:0:0:0:0:0:0:1 - - [31/Dec/2020:23:21:15 +0800] "GET /nacos/console-fe/public/js/jquery.js HTTP/1.1" 200 86658 69 Mozilla/5.0 (Windows NT 10.0; Win64; x64) AppleWebKit/537.36 (KHTML, like Gecko) Chrome/87.0.4280.88 Safari/537.36
0:0:0:0:0:0:0:1 - - [31/Dec/2020:23:21:15 +0800] "GET /nacos/console-fe/public/js/codemirror.js HTTP/1.1" 200 366237 72 Mozilla/5.0 (Windows NT 10.0; Win64; x64) AppleWebKit/537.36 (KHTML, like Gecko) Chrome/87.0.4280.88 Safari/537.36
0:0:0:0:0:0:0:1 - - [31/Dec/2020:23:21:15 +0800] "GET /nacos/console-fe/public/js/codemirror.addone.lint.js HTTP/1.1" 200 8511 69 Mozilla/5.0 (Windows NT 10.0; Win64; x64) AppleWebKit/537.36 (KHTML, like Gecko) Chrome/87.0.4280.88 Safari/537.36
0:0:0:0:0:0:0:1 - - [31/Dec/2020:23:21:15 +0800] "GET /nacos/console-fe/public/js/codemirror.lib.json-lint.js HTTP/1.1" 200 16797 65 Mozilla/5.0 (Windows NT 10.0; Win64; x64) AppleWebKit/537.36 (KHTML, like Gecko) Chrome/87.0.4280.88 Safari/537.36
0:0:0:0:0:0:0:1 - - [31/Dec/2020:23:21:15 +0800] "GET /nacos/console-fe/public/js/codemirror.addone.json-lint.js HTTP/1.1" 200 1433 65 Mozilla/5.0 (Windows NT 10.0; Win64; x64) AppleWebKit/537.36 (KHTML, like Gecko) Chrome/87.0.4280.88 Safari/537.36
0:0:0:0:0:0:0:1 - - [31/Dec/2020:23:21:15 +0800] "GET /nacos/console-fe/public/js/diff_match_patch.js HTTP/1.1" 200 19192 62 Mozilla/5.0 (Windows NT 10.0; Win64; x64) AppleWebKit/537.36 (KHTML, like Gecko) Chrome/87.0.4280.88 Safari/537.36
0:0:0:0:0:0:0:1 - - [31/Dec/2020:23:21:15 +0800] "GET /nacos/console-fe/public/js/merge.js HTTP/1.1" 200 37874 62 Mozilla/5.0 (Windows NT 10.0; Win64; x64) AppleWebKit/537.36 (KHTML, like Gecko) Chrome/87.0.4280.88 Safari/537.36
0:0:0:0:0:0:0:1 - - [31/Dec/2020:23:21:15 +0800] "GET /nacos/console-fe/public/js/codemirror.lib.clike-lint.js HTTP/1.1" 200 31521 65 Mozilla/5.0 (Windows NT 10.0; Win64; x64) AppleWebKit/537.36 (KHTML, like Gecko) Chrome/87.0.4280.88 Safari/537.36
0:0:0:0:0:0:0:1 - - [31/Dec/2020:23:21:15 +0800] "GET /nacos/console-fe/public/js/loader.js HTTP/1.1" 200 28899 44 Mozilla/5.0 (Windows NT 10.0; Win64; x64) AppleWebKit/537.36 (KHTML, like Gecko) Chrome/87.0.4280.88 Safari/537.36
0:0:0:0:0:0:0:1 - - [31/Dec/2020:23:21:15 +0800] "GET /nacos/js/main.js HTTP/1.1" 200 1438507 42 Mozilla/5.0 (Windows NT 10.0; Win64; x64) AppleWebKit/537.36 (KHTML, like Gecko) Chrome/87.0.4280.88 Safari/537.36
0:0:0:0:0:0:0:1 - - [31/Dec/2020:23:21:15 +0800] "GET /nacos/console-fe/public/js/vs/editor/editor.main.js HTTP/1.1" 200 1824086 31 Mozilla/5.0 (Windows NT 10.0; Win64; x64) AppleWebKit/537.36 (KHTML, like Gecko) Chrome/87.0.4280.88 Safari/537.36
0:0:0:0:0:0:0:1 - - [31/Dec/2020:23:21:15 +0800] "GET /nacos/img/logo-2000-390.svg HTTP/1.1" 200 2106 30 Mozilla/5.0 (Windows NT 10.0; Win64; x64) AppleWebKit/537.36 (KHTML, like Gecko) Chrome/87.0.4280.88 Safari/537.36
0:0:0:0:0:0:0:1 - - [31/Dec/2020:23:21:15 +0800] "GET /nacos/img/black_dot.png HTTP/1.1" 200 114 37 Mozilla/5.0 (Windows NT 10.0; Win64; x64) AppleWebKit/537.36 (KHTML, like Gecko) Chrome/87.0.4280.88 Safari/537.36
0:0:0:0:0:0:0:1 - - [31/Dec/2020:23:21:15 +0800] "GET /nacos/img/nacos.png HTTP/1.1" 200 3588 42 Mozilla/5.0 (Windows NT 10.0; Win64; x64) AppleWebKit/537.36 (KHTML, like Gecko) Chrome/87.0.4280.88 Safari/537.36
0:0:0:0:0:0:0:1 - - [31/Dec/2020:23:21:15 +0800] "GET /nacos/v1/console/server/state?accessToken= HTTP/1.1" 200 82 134 Mozilla/5.0 (Windows NT 10.0; Win64; x64) AppleWebKit/537.36 (KHTML, like Gecko) Chrome/87.0.4280.88 Safari/537.36
0:0:0:0:0:0:0:1 - - [31/Dec/2020:23:21:15 +0800] "GET /nacos/console-fe/public/js/vs/editor/editor.main.css HTTP/1.1" 200 172199 45 Mozilla/5.0 (Windows NT 10.0; Win64; x64) AppleWebKit/537.36 (KHTML, like Gecko) Chrome/87.0.4280.88 Safari/537.36
0:0:0:0:0:0:0:1 - - [31/Dec/2020:23:21:15 +0800] "GET /nacos/console-fe/public/js/vs/editor/editor.main.nls.zh-cn.js HTTP/1.1" 200 22854 35 Mozilla/5.0 (Windows NT 10.0; Win64; x64) AppleWebKit/537.36 (KHTML, like Gecko) Chrome/87.0.4280.88 Safari/537.36
0:0:0:0:0:0:0:1 - - [31/Dec/2020:23:21:15 +0800] "GET /nacos/console-fe/public/icons/icon-font.woff2 HTTP/1.1" 404 177 168 Mozilla/5.0 (Windows NT 10.0; Win64; x64) AppleWebKit/537.36 (KHTML, like Gecko) Chrome/87.0.4280.88 Safari/537.36
0:0:0:0:0:0:0:1 - - [31/Dec/2020:23:21:15 +0800] "GET /nacos/console-fe/public/icons/icon-font.woff HTTP/1.1" 200 5504 21 Mozilla/5.0 (Windows NT 10.0; Win64; x64) AppleWebKit/537.36 (KHTML, like Gecko) Chrome/87.0.4280.88 Safari/537.36
0:0:0:0:0:0:0:1 - - [31/Dec/2020:23:21:15 +0800] "GET /nacos/console-fe/public/img/favicon.ico HTTP/1.1" 200 4286 24 Mozilla/5.0 (Windows NT 10.0; Win64; x64) AppleWebKit/537.36 (KHTML, like Gecko) Chrome/87.0.4280.88 Safari/537.36
0:0:0:0:0:0:0:1 - - [31/Dec/2020:23:21:21 +0800] "POST /nacos/v1/auth/users/login HTTP/1.1" 200 173 1087 Mozilla/5.0 (Windows NT 10.0; Win64; x64) AppleWebKit/537.36 (KHTML, like Gecko) Chrome/87.0.4280.88 Safari/537.36
0:0:0:0:0:0:0:1 - - [31/Dec/2020:23:21:21 +0800] "GET /nacos/v1/console/server/state?accessToken=eyJhbGciOiJIUzI1NiJ9.eyJzdWIiOiJuYWNvcyIsImV4cCI6MTYwOTQ0NjA4MH0.YncBN24bLFryxBFgPzHKQ-Y2FZebv5z89Fg4bHR4sIo HTTP/1.1" 200 82 2 Mozilla/5.0 (Windows NT 10.0; Win64; x64) AppleWebKit/537.36 (KHTML, like Gecko) Chrome/87.0.4280.88 Safari/537.36
0:0:0:0:0:0:0:1 - - [31/Dec/2020:23:21:22 +0800] "GET /nacos/v1/console/namespaces?&accessToken=eyJhbGciOiJIUzI1NiJ9.eyJzdWIiOiJuYWNvcyIsImV4cCI6MTYwOTQ0NjA4MH0.YncBN24bLFryxBFgPzHKQ-Y2FZebv5z89Fg4bHR4sIo&namespaceId= HTTP/1.1" 200 130 60 Mozilla/5.0 (Windows NT 10.0; Win64; x64) AppleWebKit/537.36 (KHTML, like Gecko) Chrome/87.0.4280.88 Safari/537.36
0:0:0:0:0:0:0:1 - - [31/Dec/2020:23:21:22 +0800] "GET /nacos/v1/cs/configs?dataId=&group=&appName=&config_tags=&pageNo=1&pageSize=10&tenant=&search=accurate&accessToken=eyJhbGciOiJIUzI1NiJ9.eyJzdWIiOiJuYWNvcyIsImV4cCI6MTYwOTQ0NjA4MH0.YncBN24bLFryxBFgPzHKQ-Y2FZebv5z89Fg4bHR4sIo HTTP/1.1" 200 76 53 Mozilla/5.0 (Windows NT 10.0; Win64; x64) AppleWebKit/537.36 (KHTML, like Gecko) Chrome/87.0.4280.88 Safari/537.36
0:0:0:0:0:0:0:1 - - [31/Dec/2020:23:21:31 +0800] "GET /nacos/v1/cs/configs?dataId=&group=&appName=&config_tags=&pageNo=1&pageSize=10&tenant=&search=accurate&accessToken=eyJhbGciOiJIUzI1NiJ9.eyJzdWIiOiJuYWNvcyIsImV4cCI6MTYwOTQ0NjA4MH0.YncBN24bLFryxBFgPzHKQ-Y2FZebv5z89Fg4bHR4sIo HTTP/1.1" 200 76 4 Mozilla/5.0 (Windows NT 10.0; Win64; x64) AppleWebKit/537.36 (KHTML, like Gecko) Chrome/87.0.4280.88 Safari/537.36
0:0:0:0:0:0:0:1 - - [31/Dec/2020:23:31:41 +0800] "GET /nacos/console-fe/public/js/vs/base/worker/workerMain.js HTTP/1.1" 200 151535 22 Mozilla/5.0 (Windows NT 10.0; Win64; x64) AppleWebKit/537.36 (KHTML, like Gecko) Chrome/87.0.4280.88 Safari/537.36
0:0:0:0:0:0:0:1 - - [31/Dec/2020:23:47:49 +0800] "GET /nacos/console-fe/public/js/vs/basic-languages/src/yaml.js HTTP/1.1" 200 3869 21 Mozilla/5.0 (Windows NT 10.0; Win64; x64) AppleWebKit/537.36 (KHTML, like Gecko) Chrome/87.0.4280.88 Safari/537.36
0:0:0:0:0:0:0:1 - - [31/Dec/2020:23:47:56 +0800] "GET /nacos/console-fe/public/js/vs/editor/contrib/suggest/browser/media/String_inverse_16x.svg HTTP/1.1" 200 4740 19 Mozilla/5.0 (Windows NT 10.0; Win64; x64) AppleWebKit/537.36 (KHTML, like Gecko) Chrome/87.0.4280.88 Safari/537.36
0:0:0:0:0:0:0:1 - - [31/Dec/2020:23:48:49 +0800] "GET /nacos/v1/cs/configs?&accessToken=eyJhbGciOiJIUzI1NiJ9.eyJzdWIiOiJuYWNvcyIsImV4cCI6MTYwOTQ0NjA4MH0.YncBN24bLFryxBFgPzHKQ-Y2FZebv5z89Fg4bHR4sIo&show=all&dataId=alibaba-nacos-config-client.properties&group=DEFAULT_GROUP&tenant=&namespaceId= HTTP/1.1" 200 - 19 Mozilla/5.0 (Windows NT 10.0; Win64; x64) AppleWebKit/537.36 (KHTML, like Gecko) Chrome/87.0.4280.88 Safari/537.36
0:0:0:0:0:0:0:1 - - [31/Dec/2020:23:48:50 +0800] "POST /nacos/v1/cs/configs?&accessToken=eyJhbGciOiJIUzI1NiJ9.eyJzdWIiOiJuYWNvcyIsImV4cCI6MTYwOTQ0NjA4MH0.YncBN24bLFryxBFgPzHKQ-Y2FZebv5z89Fg4bHR4sIo HTTP/1.1" 200 14 213 Mozilla/5.0 (Windows NT 10.0; Win64; x64) AppleWebKit/537.36 (KHTML, like Gecko) Chrome/87.0.4280.88 Safari/537.36
192.168.1.5 - - [31/Dec/2020:23:48:50 +0800] "GET /nacos/v1/cs/communication/dataChange?dataId=alibaba-nacos-config-client.properties&group=DEFAULT_GROUP HTTP/1.1" 200 14 0 Apache-HttpAsyncClient/4.1.3 (Java/1.8.0_261)
